{"/Users/alejandrodiaz/Desktop/CashTrackr/backend/src/server.ts": {"path":"/Users/alejandrodiaz/Desktop/CashTrackr/backend/src/server.ts","statementMap":{"0":{"start":{"line":8,"column":0},"end":{"line":8,"column":7}},"1":{"start":{"line":1,"column":0},"end":{"line":1,"column":29}},"2":{"start":{"line":3,"column":0},"end":{"line":3,"column":27}},"3":{"start":{"line":4,"column":0},"end":{"line":4,"column":32}},"4":{"start":{"line":5,"column":0},"end":{"line":5,"column":48}},"5":{"start":{"line":6,"column":0},"end":{"line":6,"column":44}},"6":{"start":{"line":9,"column":4},"end":{"line":16,"column":5}},"7":{"start":{"line":10,"column":8},"end":{"line":10,"column":null}},"8":{"start":{"line":11,"column":8},"end":{"line":11,"column":null}},"9":{"start":{"line":18,"column":0},"end":{"line":18,"column":null}},"10":{"start":{"line":20,"column":12},"end":{"line":20,"column":21}},"11":{"start":{"line":22,"column":0},"end":{"line":22,"column":null}},"12":{"start":{"line":24,"column":0},"end":{"line":24,"column":null}},"13":{"start":{"line":27,"column":0},"end":{"line":27,"column":null}},"14":{"start":{"line":28,"column":0},"end":{"line":28,"column":null}},"15":{"start":{"line":30,"column":0},"end":{"line":32,"column":null}},"16":{"start":{"line":31,"column":4},"end":{"line":31,"column":null}},"17":{"start":{"line":34,"column":0},"end":{"line":34,"column":null}}},"fnMap":{"0":{"name":"connectDB","decl":{"start":{"line":8,"column":22},"end":{"line":8,"column":31}},"loc":{"start":{"line":8,"column":31},"end":{"line":17,"column":1}}},"1":{"name":"(anonymous_2)","decl":{"start":{"line":30,"column":13},"end":{"line":30,"column":14}},"loc":{"start":{"line":30,"column":26},"end":{"line":32,"column":1}}}},"branchMap":{},"s":{"0":1,"1":1,"2":1,"3":1,"4":1,"5":1,"6":1,"7":1,"8":1,"9":1,"10":1,"11":1,"12":1,"13":1,"14":1,"15":1,"16":0,"17":1},"f":{"0":1,"1":0},"b":{}}
,"/Users/alejandrodiaz/Desktop/CashTrackr/backend/src/config/db.ts": {"path":"/Users/alejandrodiaz/Desktop/CashTrackr/backend/src/config/db.ts","statementMap":{"0":{"start":{"line":1,"column":0},"end":{"line":1,"column":49}},"1":{"start":{"line":2,"column":0},"end":{"line":2,"column":28}},"2":{"start":{"line":4,"column":0},"end":{"line":4,"column":null}},"3":{"start":{"line":6,"column":13},"end":{"line":17,"column":null}}},"fnMap":{},"branchMap":{},"s":{"0":1,"1":1,"2":1,"3":1},"f":{},"b":{}}
,"/Users/alejandrodiaz/Desktop/CashTrackr/backend/src/config/limiter.ts": {"path":"/Users/alejandrodiaz/Desktop/CashTrackr/backend/src/config/limiter.ts","statementMap":{"0":{"start":{"line":1,"column":0},"end":{"line":1,"column":47}},"1":{"start":{"line":3,"column":13},"end":{"line":7,"column":null}}},"fnMap":{},"branchMap":{"0":{"loc":{"start":{"line":5,"column":11},"end":{"line":5,"column":58}},"type":"cond-expr","locations":[{"start":{"line":5,"column":51},"end":{"line":5,"column":54}},{"start":{"line":5,"column":57},"end":{"line":5,"column":58}}]}},"s":{"0":1,"1":1},"f":{},"b":{"0":[1,0]}}
,"/Users/alejandrodiaz/Desktop/CashTrackr/backend/src/config/nodemailer.ts": {"path":"/Users/alejandrodiaz/Desktop/CashTrackr/backend/src/config/nodemailer.ts","statementMap":{"0":{"start":{"line":1,"column":0},"end":{"line":1,"column":36}},"1":{"start":{"line":2,"column":0},"end":{"line":2,"column":28}},"2":{"start":{"line":4,"column":0},"end":{"line":4,"column":null}},"3":{"start":{"line":6,"column":15},"end":{"line":15,"column":1}},"4":{"start":{"line":7,"column":4},"end":{"line":14,"column":null}},"5":{"start":{"line":17,"column":13},"end":{"line":17,"column":62}}},"fnMap":{"0":{"name":"(anonymous_1)","decl":{"start":{"line":6,"column":15},"end":{"line":6,"column":18}},"loc":{"start":{"line":6,"column":20},"end":{"line":15,"column":1}}}},"branchMap":{},"s":{"0":2,"1":2,"2":2,"3":2,"4":2,"5":2},"f":{"0":2},"b":{}}
,"/Users/alejandrodiaz/Desktop/CashTrackr/backend/src/controllers/BudgetController.ts": {"path":"/Users/alejandrodiaz/Desktop/CashTrackr/backend/src/controllers/BudgetController.ts","statementMap":{"0":{"start":{"line":2,"column":0},"end":{"line":2,"column":37}},"1":{"start":{"line":3,"column":0},"end":{"line":3,"column":39}},"2":{"start":{"line":7,"column":26},"end":{"line":16,"column":5}},"3":{"start":{"line":8,"column":8},"end":{"line":15,"column":9}},"4":{"start":{"line":9,"column":28},"end":{"line":9,"column":116}},"5":{"start":{"line":11,"column":12},"end":{"line":11,"column":null}},"6":{"start":{"line":14,"column":12},"end":{"line":14,"column":null}},"7":{"start":{"line":18,"column":20},"end":{"line":28,"column":5}},"8":{"start":{"line":19,"column":8},"end":{"line":27,"column":9}},"9":{"start":{"line":20,"column":27},"end":{"line":20,"column":56}},"10":{"start":{"line":21,"column":12},"end":{"line":21,"column":null}},"11":{"start":{"line":22,"column":12},"end":{"line":22,"column":null}},"12":{"start":{"line":23,"column":12},"end":{"line":23,"column":null}},"13":{"start":{"line":26,"column":12},"end":{"line":26,"column":null}},"14":{"start":{"line":30,"column":21},"end":{"line":36,"column":5}},"15":{"start":{"line":31,"column":23},"end":{"line":33,"column":10}},"16":{"start":{"line":35,"column":8},"end":{"line":35,"column":null}},"17":{"start":{"line":38,"column":22},"end":{"line":49,"column":5}},"18":{"start":{"line":39,"column":27},"end":{"line":39,"column":30}},"19":{"start":{"line":40,"column":8},"end":{"line":48,"column":9}},"20":{"start":{"line":42,"column":12},"end":{"line":42,"column":null}},"21":{"start":{"line":44,"column":12},"end":{"line":44,"column":null}},"22":{"start":{"line":47,"column":12},"end":{"line":47,"column":null}},"23":{"start":{"line":51,"column":24},"end":{"line":61,"column":5}},"24":{"start":{"line":52,"column":27},"end":{"line":52,"column":30}},"25":{"start":{"line":53,"column":8},"end":{"line":60,"column":9}},"26":{"start":{"line":54,"column":12},"end":{"line":54,"column":null}},"27":{"start":{"line":56,"column":12},"end":{"line":56,"column":null}},"28":{"start":{"line":59,"column":12},"end":{"line":59,"column":null}},"29":{"start":{"line":5,"column":0},"end":{"line":5,"column":13}}},"fnMap":{"0":{"name":"(anonymous_1)","decl":{"start":{"line":7,"column":26},"end":{"line":7,"column":31}},"loc":{"start":{"line":7,"column":64},"end":{"line":16,"column":5}}},"1":{"name":"(anonymous_2)","decl":{"start":{"line":18,"column":20},"end":{"line":18,"column":25}},"loc":{"start":{"line":18,"column":58},"end":{"line":28,"column":5}}},"2":{"name":"(anonymous_3)","decl":{"start":{"line":30,"column":21},"end":{"line":30,"column":26}},"loc":{"start":{"line":30,"column":59},"end":{"line":36,"column":5}}},"3":{"name":"(anonymous_4)","decl":{"start":{"line":38,"column":22},"end":{"line":38,"column":27}},"loc":{"start":{"line":38,"column":60},"end":{"line":49,"column":5}}},"4":{"name":"(anonymous_5)","decl":{"start":{"line":51,"column":24},"end":{"line":51,"column":29}},"loc":{"start":{"line":51,"column":62},"end":{"line":61,"column":5}}}},"branchMap":{},"s":{"0":2,"1":2,"2":2,"3":4,"4":4,"5":3,"6":1,"7":2,"8":3,"9":3,"10":2,"11":2,"12":2,"13":1,"14":2,"15":2,"16":2,"17":2,"18":2,"19":2,"20":2,"21":2,"22":0,"23":2,"24":2,"25":2,"26":2,"27":2,"28":0,"29":2},"f":{"0":4,"1":3,"2":2,"3":2,"4":2},"b":{}}
,"/Users/alejandrodiaz/Desktop/CashTrackr/backend/src/controllers/ExpenseController.ts": {"path":"/Users/alejandrodiaz/Desktop/CashTrackr/backend/src/controllers/ExpenseController.ts","statementMap":{"0":{"start":{"line":2,"column":0},"end":{"line":2,"column":39}},"1":{"start":{"line":6,"column":21},"end":{"line":16,"column":5}},"2":{"start":{"line":7,"column":8},"end":{"line":15,"column":9}},"3":{"start":{"line":8,"column":28},"end":{"line":8,"column":58}},"4":{"start":{"line":9,"column":12},"end":{"line":9,"column":null}},"5":{"start":{"line":10,"column":12},"end":{"line":10,"column":null}},"6":{"start":{"line":11,"column":12},"end":{"line":11,"column":null}},"7":{"start":{"line":14,"column":12},"end":{"line":14,"column":null}},"8":{"start":{"line":18,"column":22},"end":{"line":20,"column":5}},"9":{"start":{"line":19,"column":8},"end":{"line":19,"column":null}},"10":{"start":{"line":22,"column":23},"end":{"line":31,"column":5}},"11":{"start":{"line":23,"column":28},"end":{"line":23,"column":31}},"12":{"start":{"line":24,"column":8},"end":{"line":30,"column":9}},"13":{"start":{"line":25,"column":12},"end":{"line":25,"column":null}},"14":{"start":{"line":26,"column":12},"end":{"line":26,"column":null}},"15":{"start":{"line":28,"column":12},"end":{"line":28,"column":null}},"16":{"start":{"line":29,"column":12},"end":{"line":29,"column":null}},"17":{"start":{"line":33,"column":25},"end":{"line":42,"column":5}},"18":{"start":{"line":34,"column":28},"end":{"line":34,"column":31}},"19":{"start":{"line":35,"column":8},"end":{"line":41,"column":9}},"20":{"start":{"line":36,"column":12},"end":{"line":36,"column":null}},"21":{"start":{"line":37,"column":12},"end":{"line":37,"column":null}},"22":{"start":{"line":39,"column":12},"end":{"line":39,"column":null}},"23":{"start":{"line":40,"column":12},"end":{"line":40,"column":null}},"24":{"start":{"line":4,"column":0},"end":{"line":4,"column":13}}},"fnMap":{"0":{"name":"(anonymous_1)","decl":{"start":{"line":6,"column":21},"end":{"line":6,"column":26}},"loc":{"start":{"line":6,"column":59},"end":{"line":16,"column":5}}},"1":{"name":"(anonymous_2)","decl":{"start":{"line":18,"column":22},"end":{"line":18,"column":27}},"loc":{"start":{"line":18,"column":60},"end":{"line":20,"column":5}}},"2":{"name":"(anonymous_3)","decl":{"start":{"line":22,"column":23},"end":{"line":22,"column":28}},"loc":{"start":{"line":22,"column":61},"end":{"line":31,"column":5}}},"3":{"name":"(anonymous_4)","decl":{"start":{"line":33,"column":25},"end":{"line":33,"column":30}},"loc":{"start":{"line":33,"column":63},"end":{"line":42,"column":5}}}},"branchMap":{},"s":{"0":2,"1":2,"2":2,"3":2,"4":1,"5":1,"6":1,"7":1,"8":2,"9":1,"10":2,"11":1,"12":1,"13":1,"14":1,"15":0,"16":0,"17":2,"18":1,"19":1,"20":1,"21":1,"22":0,"23":0,"24":2},"f":{"0":2,"1":1,"2":1,"3":1},"b":{}}
,"/Users/alejandrodiaz/Desktop/CashTrackr/backend/src/controllers/UserController.ts": {"path":"/Users/alejandrodiaz/Desktop/CashTrackr/backend/src/controllers/UserController.ts","statementMap":{"0":{"start":{"line":2,"column":0},"end":{"line":2,"column":33}},"1":{"start":{"line":3,"column":0},"end":{"line":3,"column":61}},"2":{"start":{"line":4,"column":0},"end":{"line":4,"column":46}},"3":{"start":{"line":5,"column":0},"end":{"line":5,"column":47}},"4":{"start":{"line":6,"column":0},"end":{"line":6,"column":53}},"5":{"start":{"line":10,"column":27},"end":{"line":32,"column":5}},"6":{"start":{"line":11,"column":36},"end":{"line":11,"column":44}},"7":{"start":{"line":12,"column":8},"end":{"line":31,"column":9}},"8":{"start":{"line":13,"column":31},"end":{"line":13,"column":71}},"9":{"start":{"line":14,"column":12},"end":{"line":17,"column":13}},"10":{"start":{"line":15,"column":16},"end":{"line":15,"column":null}},"11":{"start":{"line":16,"column":16},"end":{"line":16,"column":22}},"12":{"start":{"line":19,"column":25},"end":{"line":19,"column":52}},"13":{"start":{"line":20,"column":12},"end":{"line":20,"column":null}},"14":{"start":{"line":21,"column":26},"end":{"line":21,"column":41}},"15":{"start":{"line":22,"column":12},"end":{"line":22,"column":null}},"16":{"start":{"line":23,"column":12},"end":{"line":23,"column":null}},"17":{"start":{"line":25,"column":12},"end":{"line":25,"column":null}},"18":{"start":{"line":27,"column":12},"end":{"line":27,"column":null}},"19":{"start":{"line":29,"column":12},"end":{"line":29,"column":null}},"20":{"start":{"line":30,"column":12},"end":{"line":30,"column":null}},"21":{"start":{"line":34,"column":28},"end":{"line":55,"column":5}},"22":{"start":{"line":35,"column":26},"end":{"line":35,"column":34}},"23":{"start":{"line":36,"column":8},"end":{"line":54,"column":9}},"24":{"start":{"line":37,"column":31},"end":{"line":37,"column":71}},"25":{"start":{"line":38,"column":12},"end":{"line":41,"column":13}},"26":{"start":{"line":39,"column":16},"end":{"line":39,"column":null}},"27":{"start":{"line":40,"column":16},"end":{"line":40,"column":22}},"28":{"start":{"line":42,"column":12},"end":{"line":45,"column":13}},"29":{"start":{"line":43,"column":16},"end":{"line":43,"column":null}},"30":{"start":{"line":44,"column":16},"end":{"line":44,"column":22}},"31":{"start":{"line":47,"column":12},"end":{"line":47,"column":null}},"32":{"start":{"line":48,"column":12},"end":{"line":48,"column":null}},"33":{"start":{"line":49,"column":12},"end":{"line":49,"column":null}},"34":{"start":{"line":50,"column":12},"end":{"line":50,"column":null}},"35":{"start":{"line":52,"column":12},"end":{"line":52,"column":null}},"36":{"start":{"line":53,"column":12},"end":{"line":53,"column":null}},"37":{"start":{"line":57,"column":19},"end":{"line":82,"column":5}},"38":{"start":{"line":58,"column":36},"end":{"line":58,"column":44}},"39":{"start":{"line":59,"column":8},"end":{"line":81,"column":9}},"40":{"start":{"line":60,"column":31},"end":{"line":60,"column":71}},"41":{"start":{"line":61,"column":12},"end":{"line":64,"column":13}},"42":{"start":{"line":62,"column":16},"end":{"line":62,"column":null}},"43":{"start":{"line":63,"column":16},"end":{"line":63,"column":22}},"44":{"start":{"line":65,"column":12},"end":{"line":68,"column":13}},"45":{"start":{"line":66,"column":16},"end":{"line":66,"column":null}},"46":{"start":{"line":67,"column":16},"end":{"line":67,"column":22}},"47":{"start":{"line":69,"column":34},"end":{"line":69,"column":86}},"48":{"start":{"line":70,"column":12},"end":{"line":73,"column":13}},"49":{"start":{"line":71,"column":16},"end":{"line":71,"column":null}},"50":{"start":{"line":72,"column":16},"end":{"line":72,"column":22}},"51":{"start":{"line":75,"column":26},"end":{"line":75,"column":52}},"52":{"start":{"line":77,"column":12},"end":{"line":77,"column":null}},"53":{"start":{"line":79,"column":12},"end":{"line":79,"column":null}},"54":{"start":{"line":80,"column":12},"end":{"line":80,"column":null}},"55":{"start":{"line":84,"column":28},"end":{"line":108,"column":5}},"56":{"start":{"line":85,"column":26},"end":{"line":85,"column":34}},"57":{"start":{"line":86,"column":8},"end":{"line":107,"column":9}},"58":{"start":{"line":87,"column":31},"end":{"line":87,"column":71}},"59":{"start":{"line":88,"column":12},"end":{"line":91,"column":13}},"60":{"start":{"line":89,"column":16},"end":{"line":89,"column":null}},"61":{"start":{"line":90,"column":16},"end":{"line":90,"column":22}},"62":{"start":{"line":92,"column":12},"end":{"line":95,"column":13}},"63":{"start":{"line":93,"column":16},"end":{"line":93,"column":null}},"64":{"start":{"line":94,"column":16},"end":{"line":94,"column":22}},"65":{"start":{"line":97,"column":26},"end":{"line":97,"column":41}},"66":{"start":{"line":98,"column":12},"end":{"line":98,"column":null}},"67":{"start":{"line":99,"column":12},"end":{"line":99,"column":null}},"68":{"start":{"line":101,"column":12},"end":{"line":101,"column":null}},"69":{"start":{"line":103,"column":12},"end":{"line":103,"column":null}},"70":{"start":{"line":105,"column":12},"end":{"line":105,"column":null}},"71":{"start":{"line":106,"column":12},"end":{"line":106,"column":null}},"72":{"start":{"line":110,"column":27},"end":{"line":128,"column":5}},"73":{"start":{"line":111,"column":26},"end":{"line":111,"column":34}},"74":{"start":{"line":112,"column":8},"end":{"line":127,"column":9}},"75":{"start":{"line":113,"column":32},"end":{"line":113,"column":72}},"76":{"start":{"line":114,"column":12},"end":{"line":117,"column":13}},"77":{"start":{"line":115,"column":16},"end":{"line":115,"column":null}},"78":{"start":{"line":116,"column":16},"end":{"line":116,"column":22}},"79":{"start":{"line":118,"column":12},"end":{"line":121,"column":13}},"80":{"start":{"line":119,"column":16},"end":{"line":119,"column":null}},"81":{"start":{"line":120,"column":16},"end":{"line":120,"column":22}},"82":{"start":{"line":123,"column":12},"end":{"line":123,"column":null}},"83":{"start":{"line":125,"column":12},"end":{"line":125,"column":null}},"84":{"start":{"line":126,"column":12},"end":{"line":126,"column":null}},"85":{"start":{"line":130,"column":36},"end":{"line":153,"column":5}},"86":{"start":{"line":131,"column":26},"end":{"line":131,"column":36}},"87":{"start":{"line":132,"column":29},"end":{"line":132,"column":37}},"88":{"start":{"line":133,"column":8},"end":{"line":152,"column":9}},"89":{"start":{"line":134,"column":25},"end":{"line":134,"column":65}},"90":{"start":{"line":135,"column":12},"end":{"line":138,"column":13}},"91":{"start":{"line":136,"column":16},"end":{"line":136,"column":null}},"92":{"start":{"line":137,"column":16},"end":{"line":137,"column":22}},"93":{"start":{"line":139,"column":12},"end":{"line":142,"column":13}},"94":{"start":{"line":140,"column":16},"end":{"line":140,"column":null}},"95":{"start":{"line":141,"column":16},"end":{"line":141,"column":22}},"96":{"start":{"line":144,"column":12},"end":{"line":144,"column":null}},"97":{"start":{"line":145,"column":12},"end":{"line":145,"column":null}},"98":{"start":{"line":146,"column":12},"end":{"line":146,"column":null}},"99":{"start":{"line":148,"column":12},"end":{"line":148,"column":null}},"100":{"start":{"line":150,"column":12},"end":{"line":150,"column":null}},"101":{"start":{"line":151,"column":12},"end":{"line":151,"column":null}},"102":{"start":{"line":155,"column":21},"end":{"line":157,"column":5}},"103":{"start":{"line":156,"column":8},"end":{"line":156,"column":null}},"104":{"start":{"line":159,"column":28},"end":{"line":177,"column":5}},"105":{"start":{"line":160,"column":43},"end":{"line":160,"column":51}},"106":{"start":{"line":161,"column":8},"end":{"line":176,"column":9}},"107":{"start":{"line":162,"column":25},"end":{"line":162,"column":57}},"108":{"start":{"line":163,"column":34},"end":{"line":163,"column":84}},"109":{"start":{"line":164,"column":12},"end":{"line":167,"column":13}},"110":{"start":{"line":165,"column":16},"end":{"line":165,"column":null}},"111":{"start":{"line":166,"column":16},"end":{"line":166,"column":22}},"112":{"start":{"line":169,"column":12},"end":{"line":169,"column":null}},"113":{"start":{"line":170,"column":12},"end":{"line":170,"column":null}},"114":{"start":{"line":172,"column":12},"end":{"line":172,"column":null}},"115":{"start":{"line":174,"column":12},"end":{"line":174,"column":null}},"116":{"start":{"line":175,"column":12},"end":{"line":175,"column":null}},"117":{"start":{"line":179,"column":27},"end":{"line":194,"column":5}},"118":{"start":{"line":180,"column":29},"end":{"line":180,"column":37}},"119":{"start":{"line":181,"column":8},"end":{"line":193,"column":9}},"120":{"start":{"line":182,"column":25},"end":{"line":182,"column":57}},"121":{"start":{"line":183,"column":34},"end":{"line":183,"column":80}},"122":{"start":{"line":184,"column":12},"end":{"line":187,"column":13}},"123":{"start":{"line":185,"column":16},"end":{"line":185,"column":null}},"124":{"start":{"line":186,"column":16},"end":{"line":186,"column":22}},"125":{"start":{"line":189,"column":12},"end":{"line":189,"column":null}},"126":{"start":{"line":191,"column":12},"end":{"line":191,"column":null}},"127":{"start":{"line":192,"column":12},"end":{"line":192,"column":null}},"128":{"start":{"line":8,"column":0},"end":{"line":8,"column":13}}},"fnMap":{"0":{"name":"(anonymous_1)","decl":{"start":{"line":10,"column":27},"end":{"line":10,"column":32}},"loc":{"start":{"line":10,"column":65},"end":{"line":32,"column":5}}},"1":{"name":"(anonymous_2)","decl":{"start":{"line":34,"column":28},"end":{"line":34,"column":33}},"loc":{"start":{"line":34,"column":66},"end":{"line":55,"column":5}}},"2":{"name":"(anonymous_3)","decl":{"start":{"line":57,"column":19},"end":{"line":57,"column":24}},"loc":{"start":{"line":57,"column":57},"end":{"line":82,"column":5}}},"3":{"name":"(anonymous_4)","decl":{"start":{"line":84,"column":28},"end":{"line":84,"column":33}},"loc":{"start":{"line":84,"column":66},"end":{"line":108,"column":5}}},"4":{"name":"(anonymous_5)","decl":{"start":{"line":110,"column":27},"end":{"line":110,"column":32}},"loc":{"start":{"line":110,"column":65},"end":{"line":128,"column":5}}},"5":{"name":"(anonymous_6)","decl":{"start":{"line":130,"column":36},"end":{"line":130,"column":41}},"loc":{"start":{"line":130,"column":74},"end":{"line":153,"column":5}}},"6":{"name":"(anonymous_7)","decl":{"start":{"line":155,"column":21},"end":{"line":155,"column":26}},"loc":{"start":{"line":155,"column":59},"end":{"line":157,"column":5}}},"7":{"name":"(anonymous_8)","decl":{"start":{"line":159,"column":28},"end":{"line":159,"column":33}},"loc":{"start":{"line":159,"column":66},"end":{"line":177,"column":5}}},"8":{"name":"(anonymous_9)","decl":{"start":{"line":179,"column":27},"end":{"line":179,"column":32}},"loc":{"start":{"line":179,"column":65},"end":{"line":194,"column":5}}}},"branchMap":{"0":{"loc":{"start":{"line":14,"column":12},"end":{"line":17,"column":13}},"type":"if","locations":[{"start":{"line":14,"column":12},"end":{"line":17,"column":13}}]},"1":{"loc":{"start":{"line":38,"column":12},"end":{"line":41,"column":13}},"type":"if","locations":[{"start":{"line":38,"column":12},"end":{"line":41,"column":13}}]},"2":{"loc":{"start":{"line":42,"column":12},"end":{"line":45,"column":13}},"type":"if","locations":[{"start":{"line":42,"column":12},"end":{"line":45,"column":13}}]},"3":{"loc":{"start":{"line":61,"column":12},"end":{"line":64,"column":13}},"type":"if","locations":[{"start":{"line":61,"column":12},"end":{"line":64,"column":13}}]},"4":{"loc":{"start":{"line":65,"column":12},"end":{"line":68,"column":13}},"type":"if","locations":[{"start":{"line":65,"column":12},"end":{"line":68,"column":13}}]},"5":{"loc":{"start":{"line":70,"column":12},"end":{"line":73,"column":13}},"type":"if","locations":[{"start":{"line":70,"column":12},"end":{"line":73,"column":13}}]},"6":{"loc":{"start":{"line":88,"column":12},"end":{"line":91,"column":13}},"type":"if","locations":[{"start":{"line":88,"column":12},"end":{"line":91,"column":13}}]},"7":{"loc":{"start":{"line":92,"column":12},"end":{"line":95,"column":13}},"type":"if","locations":[{"start":{"line":92,"column":12},"end":{"line":95,"column":13}}]},"8":{"loc":{"start":{"line":114,"column":12},"end":{"line":117,"column":13}},"type":"if","locations":[{"start":{"line":114,"column":12},"end":{"line":117,"column":13}}]},"9":{"loc":{"start":{"line":118,"column":12},"end":{"line":121,"column":13}},"type":"if","locations":[{"start":{"line":118,"column":12},"end":{"line":121,"column":13}}]},"10":{"loc":{"start":{"line":135,"column":12},"end":{"line":138,"column":13}},"type":"if","locations":[{"start":{"line":135,"column":12},"end":{"line":138,"column":13}}]},"11":{"loc":{"start":{"line":139,"column":12},"end":{"line":142,"column":13}},"type":"if","locations":[{"start":{"line":139,"column":12},"end":{"line":142,"column":13}}]},"12":{"loc":{"start":{"line":164,"column":12},"end":{"line":167,"column":13}},"type":"if","locations":[{"start":{"line":164,"column":12},"end":{"line":167,"column":13}}]},"13":{"loc":{"start":{"line":184,"column":12},"end":{"line":187,"column":13}},"type":"if","locations":[{"start":{"line":184,"column":12},"end":{"line":187,"column":13}}]}},"s":{"0":2,"1":2,"2":2,"3":2,"4":2,"5":2,"6":5,"7":5,"8":5,"9":5,"10":3,"11":3,"12":2,"13":2,"14":2,"15":2,"16":2,"17":2,"18":2,"19":0,"20":0,"21":2,"22":2,"23":2,"24":2,"25":2,"26":1,"27":1,"28":1,"29":0,"30":0,"31":1,"32":1,"33":1,"34":1,"35":0,"36":0,"37":2,"38":14,"39":14,"40":14,"41":14,"42":2,"43":2,"44":12,"45":3,"46":3,"47":9,"48":9,"49":2,"50":2,"51":7,"52":7,"53":0,"54":0,"55":2,"56":0,"57":0,"58":0,"59":0,"60":0,"61":0,"62":0,"63":0,"64":0,"65":0,"66":0,"67":0,"68":0,"69":0,"70":0,"71":0,"72":2,"73":0,"74":0,"75":0,"76":0,"77":0,"78":0,"79":0,"80":0,"81":0,"82":0,"83":0,"84":0,"85":2,"86":0,"87":0,"88":0,"89":0,"90":0,"91":0,"92":0,"93":0,"94":0,"95":0,"96":0,"97":0,"98":0,"99":0,"100":0,"101":0,"102":2,"103":0,"104":2,"105":0,"106":0,"107":0,"108":0,"109":0,"110":0,"111":0,"112":0,"113":0,"114":0,"115":0,"116":0,"117":2,"118":0,"119":0,"120":0,"121":0,"122":0,"123":0,"124":0,"125":0,"126":0,"127":0,"128":2},"f":{"0":5,"1":2,"2":14,"3":0,"4":0,"5":0,"6":0,"7":0,"8":0},"b":{"0":[3],"1":[1],"2":[0],"3":[2],"4":[3],"5":[2],"6":[0],"7":[0],"8":[0],"9":[0],"10":[0],"11":[0],"12":[0],"13":[0]}}
,"/Users/alejandrodiaz/Desktop/CashTrackr/backend/src/emails/AuthEmail.ts": {"path":"/Users/alejandrodiaz/Desktop/CashTrackr/backend/src/emails/AuthEmail.ts","statementMap":{"0":{"start":{"line":1,"column":0},"end":{"line":1,"column":48}},"1":{"start":{"line":12,"column":35},"end":{"line":26,"column":5}},"2":{"start":{"line":13,"column":22},"end":{"line":23,"column":10}},"3":{"start":{"line":25,"column":8},"end":{"line":25,"column":null}},"4":{"start":{"line":28,"column":37},"end":{"line":42,"column":5}},"5":{"start":{"line":29,"column":22},"end":{"line":39,"column":10}},"6":{"start":{"line":41,"column":8},"end":{"line":41,"column":null}},"7":{"start":{"line":10,"column":0},"end":{"line":10,"column":13}}},"fnMap":{"0":{"name":"(anonymous_0)","decl":{"start":{"line":12,"column":35},"end":{"line":12,"column":40}},"loc":{"start":{"line":12,"column":61},"end":{"line":26,"column":5}}},"1":{"name":"(anonymous_1)","decl":{"start":{"line":28,"column":37},"end":{"line":28,"column":42}},"loc":{"start":{"line":28,"column":63},"end":{"line":42,"column":5}}}},"branchMap":{},"s":{"0":2,"1":2,"2":1,"3":1,"4":2,"5":0,"6":0,"7":2},"f":{"0":1,"1":0},"b":{}}
,"/Users/alejandrodiaz/Desktop/CashTrackr/backend/src/middlewares/authMiddleware.ts": {"path":"/Users/alejandrodiaz/Desktop/CashTrackr/backend/src/middlewares/authMiddleware.ts","statementMap":{"0":{"start":{"line":2,"column":0},"end":{"line":2,"column":33}},"1":{"start":{"line":3,"column":0},"end":{"line":3,"column":40}},"2":{"start":{"line":13,"column":28},"end":{"line":38,"column":1}},"3":{"start":{"line":14,"column":19},"end":{"line":14,"column":44}},"4":{"start":{"line":15,"column":4},"end":{"line":18,"column":5}},"5":{"start":{"line":16,"column":8},"end":{"line":16,"column":null}},"6":{"start":{"line":17,"column":8},"end":{"line":17,"column":14}},"7":{"start":{"line":19,"column":18},"end":{"line":19,"column":38}},"8":{"start":{"line":20,"column":4},"end":{"line":23,"column":5}},"9":{"start":{"line":21,"column":8},"end":{"line":21,"column":null}},"10":{"start":{"line":22,"column":8},"end":{"line":22,"column":14}},"11":{"start":{"line":25,"column":4},"end":{"line":37,"column":5}},"12":{"start":{"line":26,"column":24},"end":{"line":26,"column":40}},"13":{"start":{"line":27,"column":8},"end":{"line":33,"column":9}},"14":{"start":{"line":28,"column":25},"end":{"line":30,"column":14}},"15":{"start":{"line":31,"column":12},"end":{"line":31,"column":null}},"16":{"start":{"line":32,"column":12},"end":{"line":32,"column":null}},"17":{"start":{"line":35,"column":8},"end":{"line":35,"column":null}},"18":{"start":{"line":36,"column":8},"end":{"line":36,"column":null}},"19":{"start":{"line":13,"column":13},"end":{"line":13,"column":28}}},"fnMap":{"0":{"name":"(anonymous_1)","decl":{"start":{"line":13,"column":28},"end":{"line":13,"column":33}},"loc":{"start":{"line":13,"column":86},"end":{"line":38,"column":1}}}},"branchMap":{"0":{"loc":{"start":{"line":15,"column":4},"end":{"line":18,"column":5}},"type":"if","locations":[{"start":{"line":15,"column":4},"end":{"line":18,"column":5}}]},"1":{"loc":{"start":{"line":20,"column":4},"end":{"line":23,"column":5}},"type":"if","locations":[{"start":{"line":20,"column":4},"end":{"line":23,"column":5}}]},"2":{"loc":{"start":{"line":27,"column":8},"end":{"line":33,"column":9}},"type":"if","locations":[{"start":{"line":27,"column":8},"end":{"line":33,"column":9}}]},"3":{"loc":{"start":{"line":27,"column":12},"end":{"line":27,"column":52}},"type":"binary-expr","locations":[{"start":{"line":27,"column":12},"end":{"line":27,"column":38}},{"start":{"line":27,"column":42},"end":{"line":27,"column":52}}]}},"s":{"0":1,"1":1,"2":1,"3":15,"4":15,"5":5,"6":5,"7":10,"8":10,"9":0,"10":0,"11":10,"12":10,"13":9,"14":9,"15":9,"16":9,"17":1,"18":1,"19":1},"f":{"0":15},"b":{"0":[5],"1":[0],"2":[9],"3":[9,9]}}
,"/Users/alejandrodiaz/Desktop/CashTrackr/backend/src/middlewares/budgetMiddleware.ts": {"path":"/Users/alejandrodiaz/Desktop/CashTrackr/backend/src/middlewares/budgetMiddleware.ts","statementMap":{"0":{"start":{"line":2,"column":0},"end":{"line":2,"column":65}},"1":{"start":{"line":3,"column":0},"end":{"line":3,"column":37}},"2":{"start":{"line":13,"column":32},"end":{"line":25,"column":1}},"3":{"start":{"line":14,"column":4},"end":{"line":17,"column":null}},"4":{"start":{"line":16,"column":25},"end":{"line":16,"column":34}},"5":{"start":{"line":19,"column":17},"end":{"line":19,"column":38}},"6":{"start":{"line":20,"column":4},"end":{"line":23,"column":5}},"7":{"start":{"line":21,"column":8},"end":{"line":21,"column":null}},"8":{"start":{"line":22,"column":8},"end":{"line":22,"column":14}},"9":{"start":{"line":24,"column":4},"end":{"line":24,"column":null}},"10":{"start":{"line":13,"column":13},"end":{"line":13,"column":32}},"11":{"start":{"line":27,"column":36},"end":{"line":42,"column":1}},"12":{"start":{"line":28,"column":25},"end":{"line":28,"column":35}},"13":{"start":{"line":29,"column":4},"end":{"line":41,"column":5}},"14":{"start":{"line":30,"column":23},"end":{"line":30,"column":54}},"15":{"start":{"line":31,"column":8},"end":{"line":34,"column":9}},"16":{"start":{"line":32,"column":12},"end":{"line":32,"column":null}},"17":{"start":{"line":33,"column":12},"end":{"line":33,"column":18}},"18":{"start":{"line":36,"column":8},"end":{"line":36,"column":null}},"19":{"start":{"line":37,"column":8},"end":{"line":37,"column":null}},"20":{"start":{"line":40,"column":8},"end":{"line":40,"column":null}},"21":{"start":{"line":27,"column":13},"end":{"line":27,"column":36}},"22":{"start":{"line":44,"column":34},"end":{"line":61,"column":1}},"23":{"start":{"line":45,"column":4},"end":{"line":48,"column":null}},"24":{"start":{"line":49,"column":4},"end":{"line":53,"column":null}},"25":{"start":{"line":52,"column":25},"end":{"line":52,"column":34}},"26":{"start":{"line":55,"column":17},"end":{"line":55,"column":38}},"27":{"start":{"line":56,"column":4},"end":{"line":59,"column":5}},"28":{"start":{"line":57,"column":8},"end":{"line":57,"column":null}},"29":{"start":{"line":58,"column":8},"end":{"line":58,"column":14}},"30":{"start":{"line":60,"column":4},"end":{"line":60,"column":null}},"31":{"start":{"line":44,"column":13},"end":{"line":44,"column":34}},"32":{"start":{"line":63,"column":25},"end":{"line":70,"column":1}},"33":{"start":{"line":65,"column":4},"end":{"line":68,"column":5}},"34":{"start":{"line":66,"column":8},"end":{"line":66,"column":null}},"35":{"start":{"line":67,"column":8},"end":{"line":67,"column":14}},"36":{"start":{"line":69,"column":4},"end":{"line":69,"column":null}},"37":{"start":{"line":63,"column":13},"end":{"line":63,"column":25}}},"fnMap":{"0":{"name":"(anonymous_1)","decl":{"start":{"line":13,"column":32},"end":{"line":13,"column":37}},"loc":{"start":{"line":13,"column":90},"end":{"line":25,"column":1}}},"1":{"name":"(anonymous_2)","decl":{"start":{"line":16,"column":16},"end":{"line":16,"column":21}},"loc":{"start":{"line":16,"column":25},"end":{"line":16,"column":34}}},"2":{"name":"(anonymous_3)","decl":{"start":{"line":27,"column":36},"end":{"line":27,"column":41}},"loc":{"start":{"line":27,"column":94},"end":{"line":42,"column":1}}},"3":{"name":"(anonymous_4)","decl":{"start":{"line":44,"column":34},"end":{"line":44,"column":39}},"loc":{"start":{"line":44,"column":92},"end":{"line":61,"column":1}}},"4":{"name":"(anonymous_5)","decl":{"start":{"line":52,"column":16},"end":{"line":52,"column":21}},"loc":{"start":{"line":52,"column":25},"end":{"line":52,"column":34}}},"5":{"name":"(anonymous_6)","decl":{"start":{"line":63,"column":25},"end":{"line":63,"column":26}},"loc":{"start":{"line":63,"column":77},"end":{"line":70,"column":1}}}},"branchMap":{"0":{"loc":{"start":{"line":20,"column":4},"end":{"line":23,"column":5}},"type":"if","locations":[{"start":{"line":20,"column":4},"end":{"line":23,"column":5}}]},"1":{"loc":{"start":{"line":31,"column":8},"end":{"line":34,"column":9}},"type":"if","locations":[{"start":{"line":31,"column":8},"end":{"line":34,"column":9}}]},"2":{"loc":{"start":{"line":56,"column":4},"end":{"line":59,"column":5}},"type":"if","locations":[{"start":{"line":56,"column":4},"end":{"line":59,"column":5}}]},"3":{"loc":{"start":{"line":65,"column":4},"end":{"line":68,"column":5}},"type":"if","locations":[{"start":{"line":65,"column":4},"end":{"line":68,"column":5}}]}},"s":{"0":3,"1":3,"2":3,"3":6,"4":6,"5":6,"6":6,"7":1,"8":1,"9":5,"10":3,"11":3,"12":8,"13":8,"14":8,"15":7,"16":2,"17":2,"18":5,"19":5,"20":1,"21":3,"22":3,"23":4,"24":4,"25":4,"26":4,"27":4,"28":2,"29":2,"30":2,"31":3,"32":3,"33":7,"34":2,"35":2,"36":5,"37":3},"f":{"0":6,"1":6,"2":8,"3":4,"4":4,"5":7},"b":{"0":[1],"1":[2],"2":[2],"3":[2]}}
,"/Users/alejandrodiaz/Desktop/CashTrackr/backend/src/middlewares/expenseMiddleware.ts": {"path":"/Users/alejandrodiaz/Desktop/CashTrackr/backend/src/middlewares/expenseMiddleware.ts","statementMap":{"0":{"start":{"line":2,"column":0},"end":{"line":2,"column":65}},"1":{"start":{"line":3,"column":0},"end":{"line":3,"column":39}},"2":{"start":{"line":13,"column":33},"end":{"line":25,"column":1}},"3":{"start":{"line":14,"column":4},"end":{"line":17,"column":null}},"4":{"start":{"line":16,"column":25},"end":{"line":16,"column":34}},"5":{"start":{"line":19,"column":17},"end":{"line":19,"column":38}},"6":{"start":{"line":20,"column":4},"end":{"line":23,"column":5}},"7":{"start":{"line":21,"column":8},"end":{"line":21,"column":null}},"8":{"start":{"line":22,"column":8},"end":{"line":22,"column":14}},"9":{"start":{"line":24,"column":4},"end":{"line":24,"column":null}},"10":{"start":{"line":13,"column":13},"end":{"line":13,"column":33}},"11":{"start":{"line":27,"column":37},"end":{"line":42,"column":1}},"12":{"start":{"line":28,"column":36},"end":{"line":28,"column":46}},"13":{"start":{"line":29,"column":4},"end":{"line":41,"column":5}},"14":{"start":{"line":30,"column":24},"end":{"line":30,"column":57}},"15":{"start":{"line":31,"column":8},"end":{"line":34,"column":9}},"16":{"start":{"line":32,"column":12},"end":{"line":32,"column":null}},"17":{"start":{"line":33,"column":12},"end":{"line":33,"column":18}},"18":{"start":{"line":36,"column":8},"end":{"line":36,"column":null}},"19":{"start":{"line":37,"column":8},"end":{"line":37,"column":null}},"20":{"start":{"line":40,"column":8},"end":{"line":40,"column":null}},"21":{"start":{"line":27,"column":13},"end":{"line":27,"column":37}},"22":{"start":{"line":44,"column":35},"end":{"line":61,"column":1}},"23":{"start":{"line":45,"column":4},"end":{"line":48,"column":null}},"24":{"start":{"line":49,"column":4},"end":{"line":53,"column":null}},"25":{"start":{"line":52,"column":25},"end":{"line":52,"column":34}},"26":{"start":{"line":55,"column":17},"end":{"line":55,"column":38}},"27":{"start":{"line":56,"column":4},"end":{"line":59,"column":5}},"28":{"start":{"line":57,"column":8},"end":{"line":57,"column":null}},"29":{"start":{"line":58,"column":8},"end":{"line":58,"column":14}},"30":{"start":{"line":60,"column":4},"end":{"line":60,"column":null}},"31":{"start":{"line":44,"column":13},"end":{"line":44,"column":35}}},"fnMap":{"0":{"name":"(anonymous_1)","decl":{"start":{"line":13,"column":33},"end":{"line":13,"column":38}},"loc":{"start":{"line":13,"column":91},"end":{"line":25,"column":1}}},"1":{"name":"(anonymous_2)","decl":{"start":{"line":16,"column":16},"end":{"line":16,"column":21}},"loc":{"start":{"line":16,"column":25},"end":{"line":16,"column":34}}},"2":{"name":"(anonymous_3)","decl":{"start":{"line":27,"column":37},"end":{"line":27,"column":42}},"loc":{"start":{"line":27,"column":95},"end":{"line":42,"column":1}}},"3":{"name":"(anonymous_4)","decl":{"start":{"line":44,"column":35},"end":{"line":44,"column":40}},"loc":{"start":{"line":44,"column":93},"end":{"line":61,"column":1}}},"4":{"name":"(anonymous_5)","decl":{"start":{"line":52,"column":16},"end":{"line":52,"column":21}},"loc":{"start":{"line":52,"column":25},"end":{"line":52,"column":34}}}},"branchMap":{"0":{"loc":{"start":{"line":20,"column":4},"end":{"line":23,"column":5}},"type":"if","locations":[{"start":{"line":20,"column":4},"end":{"line":23,"column":5}}]},"1":{"loc":{"start":{"line":31,"column":8},"end":{"line":34,"column":9}},"type":"if","locations":[{"start":{"line":31,"column":8},"end":{"line":34,"column":9}}]},"2":{"loc":{"start":{"line":31,"column":11},"end":{"line":31,"column":52}},"type":"binary-expr","locations":[{"start":{"line":31,"column":11},"end":{"line":31,"column":19}},{"start":{"line":31,"column":23},"end":{"line":31,"column":52}}]},"3":{"loc":{"start":{"line":56,"column":4},"end":{"line":59,"column":5}},"type":"if","locations":[{"start":{"line":56,"column":4},"end":{"line":59,"column":5}}]}},"s":{"0":2,"1":2,"2":2,"3":0,"4":0,"5":0,"6":0,"7":0,"8":0,"9":0,"10":2,"11":2,"12":3,"13":3,"14":3,"15":2,"16":1,"17":1,"18":1,"19":1,"20":1,"21":2,"22":2,"23":0,"24":0,"25":0,"26":0,"27":0,"28":0,"29":0,"30":0,"31":2},"f":{"0":0,"1":0,"2":3,"3":0,"4":0},"b":{"0":[0],"1":[1],"2":[2,1],"3":[0]}}
,"/Users/alejandrodiaz/Desktop/CashTrackr/backend/src/middlewares/validationMiddleware.ts": {"path":"/Users/alejandrodiaz/Desktop/CashTrackr/backend/src/middlewares/validationMiddleware.ts","statementMap":{"0":{"start":{"line":2,"column":0},"end":{"line":2,"column":53}},"1":{"start":{"line":4,"column":33},"end":{"line":12,"column":1}},"2":{"start":{"line":5,"column":17},"end":{"line":5,"column":38}},"3":{"start":{"line":6,"column":4},"end":{"line":10,"column":5}},"4":{"start":{"line":7,"column":8},"end":{"line":7,"column":null}},"5":{"start":{"line":8,"column":8},"end":{"line":8,"column":null}},"6":{"start":{"line":9,"column":8},"end":{"line":9,"column":14}},"7":{"start":{"line":11,"column":4},"end":{"line":11,"column":null}},"8":{"start":{"line":4,"column":13},"end":{"line":4,"column":33}}},"fnMap":{"0":{"name":"(anonymous_0)","decl":{"start":{"line":4,"column":33},"end":{"line":4,"column":34}},"loc":{"start":{"line":4,"column":85},"end":{"line":12,"column":1}}}},"branchMap":{"0":{"loc":{"start":{"line":6,"column":4},"end":{"line":10,"column":5}},"type":"if","locations":[{"start":{"line":6,"column":4},"end":{"line":10,"column":5}}]}},"s":{"0":1,"1":1,"2":21,"3":21,"4":6,"5":6,"6":6,"7":15,"8":1},"f":{"0":21},"b":{"0":[6]}}
,"/Users/alejandrodiaz/Desktop/CashTrackr/backend/src/models/Budget.ts": {"path":"/Users/alejandrodiaz/Desktop/CashTrackr/backend/src/models/Budget.ts","statementMap":{"0":{"start":{"line":1,"column":0},"end":{"line":1,"column":113}},"1":{"start":{"line":2,"column":0},"end":{"line":2,"column":32}},"2":{"start":{"line":3,"column":0},"end":{"line":3,"column":26}},"3":{"start":{"line":9,"column":0},"end":{"line":33,"column":null}},"4":{"start":{"line":14,"column":12},"end":{"line":14,"column":null}},"5":{"start":{"line":20,"column":12},"end":{"line":20,"column":null}},"6":{"start":{"line":23,"column":12},"end":{"line":23,"column":null}},"7":{"start":{"line":22,"column":22},"end":{"line":22,"column":26}},"8":{"start":{"line":26,"column":12},"end":{"line":26,"column":null}},"9":{"start":{"line":25,"column":21},"end":{"line":25,"column":25}},"10":{"start":{"line":32,"column":12},"end":{"line":32,"column":null}},"11":{"start":{"line":28,"column":19},"end":{"line":28,"column":26}},"12":{"start":{"line":9,"column":6},"end":{"line":33,"column":null}},"13":{"start":{"line":35,"column":0},"end":{"line":35,"column":null}}},"fnMap":{"0":{"name":"(anonymous_3)","decl":{"start":{"line":22,"column":16},"end":{"line":22,"column":19}},"loc":{"start":{"line":22,"column":22},"end":{"line":22,"column":26}}},"1":{"name":"(anonymous_4)","decl":{"start":{"line":25,"column":15},"end":{"line":25,"column":18}},"loc":{"start":{"line":25,"column":21},"end":{"line":25,"column":25}}},"2":{"name":"(anonymous_5)","decl":{"start":{"line":28,"column":13},"end":{"line":28,"column":16}},"loc":{"start":{"line":28,"column":19},"end":{"line":28,"column":26}}}},"branchMap":{},"s":{"0":3,"1":3,"2":3,"3":3,"4":3,"5":3,"6":3,"7":2,"8":3,"9":3,"10":3,"11":3,"12":3,"13":3},"f":{"0":2,"1":3,"2":3},"b":{}}
,"/Users/alejandrodiaz/Desktop/CashTrackr/backend/src/models/Expense.ts": {"path":"/Users/alejandrodiaz/Desktop/CashTrackr/backend/src/models/Expense.ts","statementMap":{"0":{"start":{"line":1,"column":0},"end":{"line":1,"column":104}},"1":{"start":{"line":2,"column":0},"end":{"line":2,"column":30}},"2":{"start":{"line":8,"column":0},"end":{"line":26,"column":null}},"3":{"start":{"line":13,"column":12},"end":{"line":13,"column":null}},"4":{"start":{"line":19,"column":12},"end":{"line":19,"column":null}},"5":{"start":{"line":22,"column":12},"end":{"line":22,"column":null}},"6":{"start":{"line":21,"column":22},"end":{"line":21,"column":28}},"7":{"start":{"line":25,"column":12},"end":{"line":25,"column":null}},"8":{"start":{"line":24,"column":21},"end":{"line":24,"column":27}},"9":{"start":{"line":8,"column":6},"end":{"line":26,"column":null}},"10":{"start":{"line":28,"column":0},"end":{"line":28,"column":null}}},"fnMap":{"0":{"name":"(anonymous_3)","decl":{"start":{"line":21,"column":16},"end":{"line":21,"column":19}},"loc":{"start":{"line":21,"column":22},"end":{"line":21,"column":28}}},"1":{"name":"(anonymous_4)","decl":{"start":{"line":24,"column":15},"end":{"line":24,"column":18}},"loc":{"start":{"line":24,"column":21},"end":{"line":24,"column":27}}}},"branchMap":{},"s":{"0":3,"1":3,"2":3,"3":3,"4":3,"5":3,"6":2,"7":3,"8":2,"9":3,"10":3},"f":{"0":2,"1":2},"b":{}}
,"/Users/alejandrodiaz/Desktop/CashTrackr/backend/src/models/User.ts": {"path":"/Users/alejandrodiaz/Desktop/CashTrackr/backend/src/models/User.ts","statementMap":{"0":{"start":{"line":1,"column":0},"end":{"line":1,"column":107}},"1":{"start":{"line":2,"column":0},"end":{"line":2,"column":30}},"2":{"start":{"line":7,"column":0},"end":{"line":43,"column":null}},"3":{"start":{"line":12,"column":12},"end":{"line":12,"column":null}},"4":{"start":{"line":18,"column":12},"end":{"line":18,"column":null}},"5":{"start":{"line":25,"column":12},"end":{"line":25,"column":null}},"6":{"start":{"line":30,"column":12},"end":{"line":30,"column":null}},"7":{"start":{"line":36,"column":12},"end":{"line":36,"column":null}},"8":{"start":{"line":42,"column":12},"end":{"line":42,"column":null}},"9":{"start":{"line":38,"column":19},"end":{"line":38,"column":25}},"10":{"start":{"line":7,"column":6},"end":{"line":43,"column":null}},"11":{"start":{"line":45,"column":0},"end":{"line":45,"column":null}}},"fnMap":{"0":{"name":"(anonymous_3)","decl":{"start":{"line":38,"column":13},"end":{"line":38,"column":16}},"loc":{"start":{"line":38,"column":19},"end":{"line":38,"column":25}}}},"branchMap":{},"s":{"0":3,"1":3,"2":3,"3":3,"4":3,"5":3,"6":3,"7":3,"8":3,"9":2,"10":3,"11":3},"f":{"0":2},"b":{}}
,"/Users/alejandrodiaz/Desktop/CashTrackr/backend/src/routes/authRouter.ts": {"path":"/Users/alejandrodiaz/Desktop/CashTrackr/backend/src/routes/authRouter.ts","statementMap":{"0":{"start":{"line":1,"column":0},"end":{"line":1,"column":33}},"1":{"start":{"line":2,"column":0},"end":{"line":2,"column":63}},"2":{"start":{"line":3,"column":0},"end":{"line":3,"column":48}},"3":{"start":{"line":4,"column":0},"end":{"line":4,"column":72}},"4":{"start":{"line":5,"column":0},"end":{"line":5,"column":44}},"5":{"start":{"line":6,"column":0},"end":{"line":6,"column":61}},"6":{"start":{"line":8,"column":15},"end":{"line":8,"column":23}},"7":{"start":{"line":10,"column":0},"end":{"line":10,"column":null}},"8":{"start":{"line":12,"column":0},"end":{"line":24,"column":2}},"9":{"start":{"line":26,"column":0},"end":{"line":33,"column":null}},"10":{"start":{"line":35,"column":0},"end":{"line":44,"column":null}},"11":{"start":{"line":46,"column":0},"end":{"line":52,"column":null}},"12":{"start":{"line":54,"column":0},"end":{"line":61,"column":null}},"13":{"start":{"line":63,"column":0},"end":{"line":73,"column":null}},"14":{"start":{"line":75,"column":0},"end":{"line":78,"column":null}},"15":{"start":{"line":80,"column":0},"end":{"line":89,"column":null}},"16":{"start":{"line":91,"column":0},"end":{"line":97,"column":null}},"17":{"start":{"line":99,"column":0},"end":{"line":99,"column":null}}},"fnMap":{},"branchMap":{},"s":{"0":1,"1":1,"2":1,"3":1,"4":1,"5":1,"6":1,"7":1,"8":1,"9":1,"10":1,"11":1,"12":1,"13":1,"14":1,"15":1,"16":1,"17":1},"f":{},"b":{}}
,"/Users/alejandrodiaz/Desktop/CashTrackr/backend/src/routes/budgetRouter.ts": {"path":"/Users/alejandrodiaz/Desktop/CashTrackr/backend/src/routes/budgetRouter.ts","statementMap":{"0":{"start":{"line":1,"column":0},"end":{"line":1,"column":33}},"1":{"start":{"line":2,"column":0},"end":{"line":2,"column":67}},"2":{"start":{"line":3,"column":0},"end":{"line":3,"column":120}},"3":{"start":{"line":4,"column":0},"end":{"line":4,"column":69}},"4":{"start":{"line":5,"column":0},"end":{"line":5,"column":113}},"5":{"start":{"line":6,"column":0},"end":{"line":6,"column":61}},"6":{"start":{"line":8,"column":15},"end":{"line":8,"column":23}},"7":{"start":{"line":10,"column":0},"end":{"line":10,"column":null}},"8":{"start":{"line":13,"column":0},"end":{"line":15,"column":2}},"9":{"start":{"line":17,"column":0},"end":{"line":20,"column":2}},"10":{"start":{"line":24,"column":0},"end":{"line":24,"column":null}},"11":{"start":{"line":25,"column":0},"end":{"line":25,"column":null}},"12":{"start":{"line":26,"column":0},"end":{"line":26,"column":null}},"13":{"start":{"line":28,"column":0},"end":{"line":30,"column":2}},"14":{"start":{"line":32,"column":0},"end":{"line":35,"column":2}},"15":{"start":{"line":37,"column":0},"end":{"line":39,"column":2}},"16":{"start":{"line":43,"column":0},"end":{"line":46,"column":2}},"17":{"start":{"line":50,"column":0},"end":{"line":50,"column":null}},"18":{"start":{"line":51,"column":0},"end":{"line":51,"column":null}},"19":{"start":{"line":53,"column":0},"end":{"line":55,"column":2}},"20":{"start":{"line":57,"column":0},"end":{"line":60,"column":2}},"21":{"start":{"line":62,"column":0},"end":{"line":64,"column":2}},"22":{"start":{"line":66,"column":0},"end":{"line":66,"column":null}}},"fnMap":{},"branchMap":{},"s":{"0":1,"1":1,"2":1,"3":1,"4":1,"5":1,"6":1,"7":1,"8":1,"9":1,"10":1,"11":1,"12":1,"13":1,"14":1,"15":1,"16":1,"17":1,"18":1,"19":1,"20":1,"21":1,"22":1},"f":{},"b":{}}
,"/Users/alejandrodiaz/Desktop/CashTrackr/backend/src/tests/mocks/budgets.ts": {"path":"/Users/alejandrodiaz/Desktop/CashTrackr/backend/src/tests/mocks/budgets.ts","statementMap":{"0":{"start":{"line":1,"column":13},"end":{"line":71,"column":2}}},"fnMap":{},"branchMap":{},"s":{"0":4},"f":{},"b":{}}
,"/Users/alejandrodiaz/Desktop/CashTrackr/backend/src/tests/mocks/expenses.ts": {"path":"/Users/alejandrodiaz/Desktop/CashTrackr/backend/src/tests/mocks/expenses.ts","statementMap":{"0":{"start":{"line":1,"column":13},"end":{"line":26,"column":null}}},"fnMap":{},"branchMap":{},"s":{"0":2},"f":{},"b":{}}
,"/Users/alejandrodiaz/Desktop/CashTrackr/backend/src/utils/auth.ts": {"path":"/Users/alejandrodiaz/Desktop/CashTrackr/backend/src/utils/auth.ts","statementMap":{"0":{"start":{"line":1,"column":0},"end":{"line":1,"column":28}},"1":{"start":{"line":3,"column":28},"end":{"line":6,"column":1}},"2":{"start":{"line":4,"column":17},"end":{"line":4,"column":41}},"3":{"start":{"line":5,"column":4},"end":{"line":5,"column":null}},"4":{"start":{"line":3,"column":13},"end":{"line":3,"column":28}},"5":{"start":{"line":8,"column":31},"end":{"line":10,"column":1}},"6":{"start":{"line":9,"column":4},"end":{"line":9,"column":null}},"7":{"start":{"line":8,"column":13},"end":{"line":8,"column":31}}},"fnMap":{"0":{"name":"(anonymous_1)","decl":{"start":{"line":3,"column":28},"end":{"line":3,"column":33}},"loc":{"start":{"line":3,"column":55},"end":{"line":6,"column":1}}},"1":{"name":"(anonymous_2)","decl":{"start":{"line":8,"column":31},"end":{"line":8,"column":36}},"loc":{"start":{"line":8,"column":82},"end":{"line":10,"column":1}}}},"branchMap":{},"s":{"0":2,"1":2,"2":1,"3":1,"4":2,"5":2,"6":5,"7":2},"f":{"0":1,"1":5},"b":{}}
,"/Users/alejandrodiaz/Desktop/CashTrackr/backend/src/utils/jwt.ts": {"path":"/Users/alejandrodiaz/Desktop/CashTrackr/backend/src/utils/jwt.ts","statementMap":{"0":{"start":{"line":1,"column":0},"end":{"line":1,"column":31}},"1":{"start":{"line":3,"column":27},"end":{"line":5,"column":1}},"2":{"start":{"line":4,"column":4},"end":{"line":4,"column":73}},"3":{"start":{"line":3,"column":13},"end":{"line":3,"column":27}},"4":{"start":{"line":7,"column":25},"end":{"line":9,"column":1}},"5":{"start":{"line":8,"column":4},"end":{"line":8,"column":53}},"6":{"start":{"line":7,"column":13},"end":{"line":7,"column":25}}},"fnMap":{"0":{"name":"(anonymous_1)","decl":{"start":{"line":3,"column":27},"end":{"line":3,"column":28}},"loc":{"start":{"line":3,"column":42},"end":{"line":5,"column":1}}},"1":{"name":"(anonymous_2)","decl":{"start":{"line":7,"column":25},"end":{"line":7,"column":26}},"loc":{"start":{"line":7,"column":43},"end":{"line":9,"column":1}}}},"branchMap":{},"s":{"0":2,"1":2,"2":5,"3":2,"4":2,"5":10,"6":2},"f":{"0":5,"1":10},"b":{}}
,"/Users/alejandrodiaz/Desktop/CashTrackr/backend/src/utils/token.ts": {"path":"/Users/alejandrodiaz/Desktop/CashTrackr/backend/src/utils/token.ts","statementMap":{"0":{"start":{"line":3,"column":29},"end":{"line":9,"column":1}},"1":{"start":{"line":4,"column":18},"end":{"line":4,"column":72}},"2":{"start":{"line":5,"column":4},"end":{"line":7,"column":5}},"3":{"start":{"line":6,"column":8},"end":{"line":6,"column":null}},"4":{"start":{"line":8,"column":4},"end":{"line":8,"column":null}},"5":{"start":{"line":3,"column":13},"end":{"line":3,"column":29}}},"fnMap":{"0":{"name":"(anonymous_0)","decl":{"start":{"line":3,"column":29},"end":{"line":3,"column":32}},"loc":{"start":{"line":3,"column":34},"end":{"line":9,"column":1}}}},"branchMap":{"0":{"loc":{"start":{"line":5,"column":4},"end":{"line":7,"column":5}},"type":"if","locations":[{"start":{"line":5,"column":4},"end":{"line":7,"column":5}}]}},"s":{"0":2,"1":1,"2":1,"3":1,"4":1,"5":2},"f":{"0":1},"b":{"0":[1]}}
}
