TN:
SF:src/server.ts
FN:8,connectDB
FN:30,(anonymous_2)
FNF:2
FNH:1
FNDA:1,connectDB
FNDA:0,(anonymous_2)
DA:1,1
DA:3,1
DA:4,1
DA:5,1
DA:6,1
DA:8,1
DA:9,1
DA:10,1
DA:11,1
DA:18,1
DA:20,1
DA:22,1
DA:24,1
DA:27,1
DA:28,1
DA:30,1
DA:31,0
DA:34,1
LF:18
LH:17
BRF:0
BRH:0
end_of_record
TN:
SF:src/config/db.ts
FNF:0
FNH:0
DA:1,1
DA:2,1
DA:4,1
DA:6,1
LF:4
LH:4
BRF:0
BRH:0
end_of_record
TN:
SF:src/config/limiter.ts
FNF:0
FNH:0
DA:1,1
DA:3,1
LF:2
LH:2
BRDA:5,0,0,1
BRDA:5,0,1,0
BRF:2
BRH:1
end_of_record
TN:
SF:src/config/nodemailer.ts
FN:6,(anonymous_1)
FNF:1
FNH:1
FNDA:2,(anonymous_1)
DA:1,2
DA:2,2
DA:4,2
DA:6,2
DA:7,2
DA:17,2
LF:6
LH:6
BRF:0
BRH:0
end_of_record
TN:
SF:src/controllers/BudgetController.ts
FN:7,(anonymous_1)
FN:18,(anonymous_2)
FN:30,(anonymous_3)
FN:38,(anonymous_4)
FN:51,(anonymous_5)
FNF:5
FNH:5
FNDA:4,(anonymous_1)
FNDA:3,(anonymous_2)
FNDA:2,(anonymous_3)
FNDA:2,(anonymous_4)
FNDA:2,(anonymous_5)
DA:2,2
DA:3,2
DA:5,2
DA:7,2
DA:8,4
DA:9,4
DA:11,3
DA:14,1
DA:18,2
DA:19,3
DA:20,3
DA:21,2
DA:22,2
DA:23,2
DA:26,1
DA:30,2
DA:31,2
DA:35,2
DA:38,2
DA:39,2
DA:40,2
DA:42,2
DA:44,2
DA:47,0
DA:51,2
DA:52,2
DA:53,2
DA:54,2
DA:56,2
DA:59,0
LF:30
LH:28
BRF:0
BRH:0
end_of_record
TN:
SF:src/controllers/ExpenseController.ts
FN:6,(anonymous_1)
FN:18,(anonymous_2)
FN:22,(anonymous_3)
FN:33,(anonymous_4)
FNF:4
FNH:4
FNDA:2,(anonymous_1)
FNDA:1,(anonymous_2)
FNDA:1,(anonymous_3)
FNDA:1,(anonymous_4)
DA:2,2
DA:4,2
DA:6,2
DA:7,2
DA:8,2
DA:9,1
DA:10,1
DA:11,1
DA:14,1
DA:18,2
DA:19,1
DA:22,2
DA:23,1
DA:24,1
DA:25,1
DA:26,1
DA:28,0
DA:29,0
DA:33,2
DA:34,1
DA:35,1
DA:36,1
DA:37,1
DA:39,0
DA:40,0
LF:25
LH:21
BRF:0
BRH:0
end_of_record
TN:
SF:src/controllers/UserController.ts
FN:10,(anonymous_1)
FN:34,(anonymous_2)
FN:57,(anonymous_3)
FN:84,(anonymous_4)
FN:110,(anonymous_5)
FN:130,(anonymous_6)
FN:155,(anonymous_7)
FN:159,(anonymous_8)
FN:179,(anonymous_9)
FNF:9
FNH:3
FNDA:5,(anonymous_1)
FNDA:2,(anonymous_2)
FNDA:14,(anonymous_3)
FNDA:0,(anonymous_4)
FNDA:0,(anonymous_5)
FNDA:0,(anonymous_6)
FNDA:0,(anonymous_7)
FNDA:0,(anonymous_8)
FNDA:0,(anonymous_9)
DA:2,2
DA:3,2
DA:4,2
DA:5,2
DA:6,2
DA:8,2
DA:10,2
DA:11,5
DA:12,5
DA:13,5
DA:14,5
DA:15,3
DA:16,3
DA:19,2
DA:20,2
DA:21,2
DA:22,2
DA:23,2
DA:25,2
DA:27,2
DA:29,0
DA:30,0
DA:34,2
DA:35,2
DA:36,2
DA:37,2
DA:38,2
DA:39,1
DA:40,1
DA:42,1
DA:43,0
DA:44,0
DA:47,1
DA:48,1
DA:49,1
DA:50,1
DA:52,0
DA:53,0
DA:57,2
DA:58,14
DA:59,14
DA:60,14
DA:61,14
DA:62,2
DA:63,2
DA:65,12
DA:66,3
DA:67,3
DA:69,9
DA:70,9
DA:71,2
DA:72,2
DA:75,7
DA:77,7
DA:79,0
DA:80,0
DA:84,2
DA:85,0
DA:86,0
DA:87,0
DA:88,0
DA:89,0
DA:90,0
DA:92,0
DA:93,0
DA:94,0
DA:97,0
DA:98,0
DA:99,0
DA:101,0
DA:103,0
DA:105,0
DA:106,0
DA:110,2
DA:111,0
DA:112,0
DA:113,0
DA:114,0
DA:115,0
DA:116,0
DA:118,0
DA:119,0
DA:120,0
DA:123,0
DA:125,0
DA:126,0
DA:130,2
DA:131,0
DA:132,0
DA:133,0
DA:134,0
DA:135,0
DA:136,0
DA:137,0
DA:139,0
DA:140,0
DA:141,0
DA:144,0
DA:145,0
DA:146,0
DA:148,0
DA:150,0
DA:151,0
DA:155,2
DA:156,0
DA:159,2
DA:160,0
DA:161,0
DA:162,0
DA:163,0
DA:164,0
DA:165,0
DA:166,0
DA:169,0
DA:170,0
DA:172,0
DA:174,0
DA:175,0
DA:179,2
DA:180,0
DA:181,0
DA:182,0
DA:183,0
DA:184,0
DA:185,0
DA:186,0
DA:189,0
DA:191,0
DA:192,0
LF:129
LH:54
BRDA:14,0,0,3
BRDA:38,1,0,1
BRDA:42,2,0,0
BRDA:61,3,0,2
BRDA:65,4,0,3
BRDA:70,5,0,2
BRDA:88,6,0,0
BRDA:92,7,0,0
BRDA:114,8,0,0
BRDA:118,9,0,0
BRDA:135,10,0,0
BRDA:139,11,0,0
BRDA:164,12,0,0
BRDA:184,13,0,0
BRF:14
BRH:5
end_of_record
TN:
SF:src/emails/AuthEmail.ts
FN:12,(anonymous_0)
FN:28,(anonymous_1)
FNF:2
FNH:1
FNDA:1,(anonymous_0)
FNDA:0,(anonymous_1)
DA:1,2
DA:10,2
DA:12,2
DA:13,1
DA:25,1
DA:28,2
DA:29,0
DA:41,0
LF:8
LH:6
BRF:0
BRH:0
end_of_record
TN:
SF:src/middlewares/authMiddleware.ts
FN:13,(anonymous_1)
FNF:1
FNH:1
FNDA:15,(anonymous_1)
DA:2,1
DA:3,1
DA:13,1
DA:14,15
DA:15,15
DA:16,5
DA:17,5
DA:19,10
DA:20,10
DA:21,0
DA:22,0
DA:25,10
DA:26,10
DA:27,9
DA:28,9
DA:31,9
DA:32,9
DA:35,1
DA:36,1
LF:19
LH:17
BRDA:15,0,0,5
BRDA:20,1,0,0
BRDA:27,2,0,9
BRDA:27,3,0,9
BRDA:27,3,1,9
BRF:5
BRH:4
end_of_record
TN:
SF:src/middlewares/budgetMiddleware.ts
FN:13,(anonymous_1)
FN:16,(anonymous_2)
FN:27,(anonymous_3)
FN:44,(anonymous_4)
FN:52,(anonymous_5)
FN:63,(anonymous_6)
FNF:6
FNH:6
FNDA:6,(anonymous_1)
FNDA:6,(anonymous_2)
FNDA:8,(anonymous_3)
FNDA:4,(anonymous_4)
FNDA:4,(anonymous_5)
FNDA:7,(anonymous_6)
DA:2,3
DA:3,3
DA:13,3
DA:14,6
DA:16,6
DA:19,6
DA:20,6
DA:21,1
DA:22,1
DA:24,5
DA:27,3
DA:28,8
DA:29,8
DA:30,8
DA:31,7
DA:32,2
DA:33,2
DA:36,5
DA:37,5
DA:40,1
DA:44,3
DA:45,4
DA:49,4
DA:52,4
DA:55,4
DA:56,4
DA:57,2
DA:58,2
DA:60,2
DA:63,3
DA:65,7
DA:66,2
DA:67,2
DA:69,5
LF:34
LH:34
BRDA:20,0,0,1
BRDA:31,1,0,2
BRDA:56,2,0,2
BRDA:65,3,0,2
BRF:4
BRH:4
end_of_record
TN:
SF:src/middlewares/expenseMiddleware.ts
FN:13,(anonymous_1)
FN:16,(anonymous_2)
FN:27,(anonymous_3)
FN:44,(anonymous_4)
FN:52,(anonymous_5)
FNF:5
FNH:1
FNDA:0,(anonymous_1)
FNDA:0,(anonymous_2)
FNDA:3,(anonymous_3)
FNDA:0,(anonymous_4)
FNDA:0,(anonymous_5)
DA:2,2
DA:3,2
DA:13,2
DA:14,0
DA:16,0
DA:19,0
DA:20,0
DA:21,0
DA:22,0
DA:24,0
DA:27,2
DA:28,3
DA:29,3
DA:30,3
DA:31,2
DA:32,1
DA:33,1
DA:36,1
DA:37,1
DA:40,1
DA:44,2
DA:45,0
DA:49,0
DA:52,0
DA:55,0
DA:56,0
DA:57,0
DA:58,0
DA:60,0
LF:29
LH:14
BRDA:20,0,0,0
BRDA:31,1,0,1
BRDA:31,2,0,2
BRDA:31,2,1,1
BRDA:56,3,0,0
BRF:5
BRH:3
end_of_record
TN:
SF:src/middlewares/validationMiddleware.ts
FN:4,(anonymous_0)
FNF:1
FNH:1
FNDA:21,(anonymous_0)
DA:2,1
DA:4,1
DA:5,21
DA:6,21
DA:7,6
DA:8,6
DA:9,6
DA:11,15
LF:8
LH:8
BRDA:6,0,0,6
BRF:1
BRH:1
end_of_record
TN:
SF:src/models/Budget.ts
FN:22,(anonymous_3)
FN:25,(anonymous_4)
FN:28,(anonymous_5)
FNF:3
FNH:3
FNDA:2,(anonymous_3)
FNDA:3,(anonymous_4)
FNDA:3,(anonymous_5)
DA:1,3
DA:2,3
DA:3,3
DA:9,3
DA:14,3
DA:20,3
DA:22,2
DA:23,3
DA:25,3
DA:26,3
DA:28,3
DA:32,3
DA:35,3
LF:13
LH:13
BRF:0
BRH:0
end_of_record
TN:
SF:src/models/Expense.ts
FN:21,(anonymous_3)
FN:24,(anonymous_4)
FNF:2
FNH:2
FNDA:2,(anonymous_3)
FNDA:2,(anonymous_4)
DA:1,3
DA:2,3
DA:8,3
DA:13,3
DA:19,3
DA:21,2
DA:22,3
DA:24,2
DA:25,3
DA:28,3
LF:10
LH:10
BRF:0
BRH:0
end_of_record
TN:
SF:src/models/User.ts
FN:38,(anonymous_3)
FNF:1
FNH:1
FNDA:2,(anonymous_3)
DA:1,3
DA:2,3
DA:7,3
DA:12,3
DA:18,3
DA:25,3
DA:30,3
DA:36,3
DA:38,2
DA:42,3
DA:45,3
LF:11
LH:11
BRF:0
BRH:0
end_of_record
TN:
SF:src/routes/authRouter.ts
FNF:0
FNH:0
DA:1,1
DA:2,1
DA:3,1
DA:4,1
DA:5,1
DA:6,1
DA:8,1
DA:10,1
DA:12,1
DA:26,1
DA:35,1
DA:46,1
DA:54,1
DA:63,1
DA:75,1
DA:80,1
DA:91,1
DA:99,1
LF:18
LH:18
BRF:0
BRH:0
end_of_record
TN:
SF:src/routes/budgetRouter.ts
FNF:0
FNH:0
DA:1,1
DA:2,1
DA:3,1
DA:4,1
DA:5,1
DA:6,1
DA:8,1
DA:10,1
DA:13,1
DA:17,1
DA:24,1
DA:25,1
DA:26,1
DA:28,1
DA:32,1
DA:37,1
DA:43,1
DA:50,1
DA:51,1
DA:53,1
DA:57,1
DA:62,1
DA:66,1
LF:23
LH:23
BRF:0
BRH:0
end_of_record
TN:
SF:src/tests/mocks/budgets.ts
FNF:0
FNH:0
DA:1,4
LF:1
LH:1
BRF:0
BRH:0
end_of_record
TN:
SF:src/tests/mocks/expenses.ts
FNF:0
FNH:0
DA:1,2
LF:1
LH:1
BRF:0
BRH:0
end_of_record
TN:
SF:src/utils/auth.ts
FN:3,(anonymous_1)
FN:8,(anonymous_2)
FNF:2
FNH:2
FNDA:1,(anonymous_1)
FNDA:5,(anonymous_2)
DA:1,2
DA:3,2
DA:4,1
DA:5,1
DA:8,2
DA:9,5
LF:6
LH:6
BRF:0
BRH:0
end_of_record
TN:
SF:src/utils/jwt.ts
FN:3,(anonymous_1)
FN:7,(anonymous_2)
FNF:2
FNH:2
FNDA:5,(anonymous_1)
FNDA:10,(anonymous_2)
DA:1,2
DA:3,2
DA:4,5
DA:7,2
DA:8,10
LF:5
LH:5
BRF:0
BRH:0
end_of_record
TN:
SF:src/utils/token.ts
FN:3,(anonymous_0)
FNF:1
FNH:1
FNDA:1,(anonymous_0)
DA:3,2
DA:4,1
DA:5,1
DA:6,1
DA:8,1
LF:5
LH:5
BRDA:5,0,0,1
BRF:1
BRH:1
end_of_record
